<?xml version="1.0" encoding="UTF-8"?>
<!-- Generated by org.testng.reporters.JUnitReportReporter -->
<testsuite hostname="WIN-MDCIVNN77DS" failures="0" tests="1" name="AutomationTask" time="53.278" errors="0" timestamp="2024-11-24T21:07:07 EET" skipped="0">
  <testcase classname="AutomationTask" name="registerUser" time="53.278"/>
</testsuite> <!-- AutomationTask -->
